[2022-07-16 22:17:13,720] {taskinstance.py:1159} INFO - Dependencies all met for <TaskInstance: example_bash_operator.runme_1 scheduled__2022-07-15T00:00:00+00:00 [queued]>
[2022-07-16 22:17:13,779] {taskinstance.py:1159} INFO - Dependencies all met for <TaskInstance: example_bash_operator.runme_1 scheduled__2022-07-15T00:00:00+00:00 [queued]>
[2022-07-16 22:17:13,786] {taskinstance.py:1356} INFO - 
--------------------------------------------------------------------------------
[2022-07-16 22:17:13,794] {taskinstance.py:1357} INFO - Starting attempt 1 of 1
[2022-07-16 22:17:13,797] {taskinstance.py:1358} INFO - 
--------------------------------------------------------------------------------
[2022-07-16 22:17:13,907] {taskinstance.py:1377} INFO - Executing <Task(BashOperator): runme_1> on 2022-07-15 00:00:00+00:00
[2022-07-16 22:17:13,935] {standard_task_runner.py:52} INFO - Started process 620 to run task
[2022-07-16 22:17:13,961] {standard_task_runner.py:79} INFO - Running: ['***', 'tasks', 'run', 'example_bash_operator', 'runme_1', 'scheduled__2022-07-15T00:00:00+00:00', '--job-id', '5', '--raw', '--subdir', '/home/***/.local/lib/python3.7/site-packages/***/example_dags/example_bash_operator.py', '--cfg-path', '/tmp/tmpynsj88dn', '--error-file', '/tmp/tmpmd5xap0v']
[2022-07-16 22:17:13,972] {standard_task_runner.py:80} INFO - Job 5: Subtask runme_1
[2022-07-16 22:17:14,402] {task_command.py:369} INFO - Running <TaskInstance: example_bash_operator.runme_1 scheduled__2022-07-15T00:00:00+00:00 [running]> on host f153a4a19874
[2022-07-16 22:17:15,351] {taskinstance.py:1571} INFO - Exporting the following env vars:
AIRFLOW_CTX_DAG_OWNER=***
AIRFLOW_CTX_DAG_ID=example_bash_operator
AIRFLOW_CTX_TASK_ID=runme_1
AIRFLOW_CTX_EXECUTION_DATE=2022-07-15T00:00:00+00:00
AIRFLOW_CTX_TRY_NUMBER=1
AIRFLOW_CTX_DAG_RUN_ID=scheduled__2022-07-15T00:00:00+00:00
[2022-07-16 22:17:15,357] {subprocess.py:62} INFO - Tmp dir root location: 
 /tmp
[2022-07-16 22:17:15,361] {subprocess.py:74} INFO - Running command: ['bash', '-c', 'echo "example_bash_operator__runme_1__20220715" && sleep 1']
[2022-07-16 22:17:15,406] {subprocess.py:85} INFO - Output:
[2022-07-16 22:17:15,414] {subprocess.py:92} INFO - example_bash_operator__runme_1__20220715
[2022-07-16 22:17:16,422] {subprocess.py:96} INFO - Command exited with return code 0
[2022-07-16 22:17:16,574] {taskinstance.py:1400} INFO - Marking task as SUCCESS. dag_id=example_bash_operator, task_id=runme_1, execution_date=20220715T000000, start_date=20220716T221713, end_date=20220716T221716
[2022-07-16 22:17:16,665] {local_task_job.py:156} INFO - Task exited with return code 0
[2022-07-16 22:17:16,881] {local_task_job.py:273} INFO - 0 downstream tasks scheduled from follow-on schedule check
