[2022-07-16 22:17:12,914] {taskinstance.py:1159} INFO - Dependencies all met for <TaskInstance: example_bash_operator.runme_0 scheduled__2022-07-15T00:00:00+00:00 [queued]>
[2022-07-16 22:17:13,214] {taskinstance.py:1159} INFO - Dependencies all met for <TaskInstance: example_bash_operator.runme_0 scheduled__2022-07-15T00:00:00+00:00 [queued]>
[2022-07-16 22:17:13,219] {taskinstance.py:1356} INFO - 
--------------------------------------------------------------------------------
[2022-07-16 22:17:13,227] {taskinstance.py:1357} INFO - Starting attempt 1 of 1
[2022-07-16 22:17:13,229] {taskinstance.py:1358} INFO - 
--------------------------------------------------------------------------------
[2022-07-16 22:17:13,304] {taskinstance.py:1377} INFO - Executing <Task(BashOperator): runme_0> on 2022-07-15 00:00:00+00:00
[2022-07-16 22:17:13,318] {standard_task_runner.py:52} INFO - Started process 619 to run task
[2022-07-16 22:17:13,379] {standard_task_runner.py:79} INFO - Running: ['***', 'tasks', 'run', 'example_bash_operator', 'runme_0', 'scheduled__2022-07-15T00:00:00+00:00', '--job-id', '3', '--raw', '--subdir', '/home/***/.local/lib/python3.7/site-packages/***/example_dags/example_bash_operator.py', '--cfg-path', '/tmp/tmpyn_b5fxl', '--error-file', '/tmp/tmpegs0xlv4']
[2022-07-16 22:17:13,384] {standard_task_runner.py:80} INFO - Job 3: Subtask runme_0
[2022-07-16 22:17:13,700] {task_command.py:369} INFO - Running <TaskInstance: example_bash_operator.runme_0 scheduled__2022-07-15T00:00:00+00:00 [running]> on host f153a4a19874
[2022-07-16 22:17:14,186] {taskinstance.py:1571} INFO - Exporting the following env vars:
AIRFLOW_CTX_DAG_OWNER=***
AIRFLOW_CTX_DAG_ID=example_bash_operator
AIRFLOW_CTX_TASK_ID=runme_0
AIRFLOW_CTX_EXECUTION_DATE=2022-07-15T00:00:00+00:00
AIRFLOW_CTX_TRY_NUMBER=1
AIRFLOW_CTX_DAG_RUN_ID=scheduled__2022-07-15T00:00:00+00:00
[2022-07-16 22:17:14,195] {subprocess.py:62} INFO - Tmp dir root location: 
 /tmp
[2022-07-16 22:17:14,200] {subprocess.py:74} INFO - Running command: ['bash', '-c', 'echo "example_bash_operator__runme_0__20220715" && sleep 1']
[2022-07-16 22:17:14,269] {subprocess.py:85} INFO - Output:
[2022-07-16 22:17:14,289] {subprocess.py:92} INFO - example_bash_operator__runme_0__20220715
[2022-07-16 22:17:15,302] {subprocess.py:96} INFO - Command exited with return code 0
[2022-07-16 22:17:15,602] {taskinstance.py:1400} INFO - Marking task as SUCCESS. dag_id=example_bash_operator, task_id=runme_0, execution_date=20220715T000000, start_date=20220716T221712, end_date=20220716T221715
[2022-07-16 22:17:15,667] {local_task_job.py:156} INFO - Task exited with return code 0
[2022-07-16 22:17:15,937] {local_task_job.py:273} INFO - 0 downstream tasks scheduled from follow-on schedule check
