[2022-07-16 22:17:14,635] {taskinstance.py:1159} INFO - Dependencies all met for <TaskInstance: example_bash_operator.also_run_this scheduled__2022-07-15T00:00:00+00:00 [queued]>
[2022-07-16 22:17:14,790] {taskinstance.py:1159} INFO - Dependencies all met for <TaskInstance: example_bash_operator.also_run_this scheduled__2022-07-15T00:00:00+00:00 [queued]>
[2022-07-16 22:17:14,798] {taskinstance.py:1356} INFO - 
--------------------------------------------------------------------------------
[2022-07-16 22:17:14,800] {taskinstance.py:1357} INFO - Starting attempt 1 of 1
[2022-07-16 22:17:14,804] {taskinstance.py:1358} INFO - 
--------------------------------------------------------------------------------
[2022-07-16 22:17:15,030] {taskinstance.py:1377} INFO - Executing <Task(BashOperator): also_run_this> on 2022-07-15 00:00:00+00:00
[2022-07-16 22:17:15,135] {standard_task_runner.py:52} INFO - Started process 624 to run task
[2022-07-16 22:17:15,240] {standard_task_runner.py:79} INFO - Running: ['***', 'tasks', 'run', 'example_bash_operator', 'also_run_this', 'scheduled__2022-07-15T00:00:00+00:00', '--job-id', '7', '--raw', '--subdir', '/home/***/.local/lib/python3.7/site-packages/***/example_dags/example_bash_operator.py', '--cfg-path', '/tmp/tmpnizt2j_k', '--error-file', '/tmp/tmp00ggzaiq']
[2022-07-16 22:17:15,243] {standard_task_runner.py:80} INFO - Job 7: Subtask also_run_this
[2022-07-16 22:17:15,800] {task_command.py:369} INFO - Running <TaskInstance: example_bash_operator.also_run_this scheduled__2022-07-15T00:00:00+00:00 [running]> on host f153a4a19874
[2022-07-16 22:17:16,222] {taskinstance.py:1571} INFO - Exporting the following env vars:
AIRFLOW_CTX_DAG_OWNER=***
AIRFLOW_CTX_DAG_ID=example_bash_operator
AIRFLOW_CTX_TASK_ID=also_run_this
AIRFLOW_CTX_EXECUTION_DATE=2022-07-15T00:00:00+00:00
AIRFLOW_CTX_TRY_NUMBER=1
AIRFLOW_CTX_DAG_RUN_ID=scheduled__2022-07-15T00:00:00+00:00
[2022-07-16 22:17:16,229] {subprocess.py:62} INFO - Tmp dir root location: 
 /tmp
[2022-07-16 22:17:16,235] {subprocess.py:74} INFO - Running command: ['bash', '-c', 'echo "run_id=scheduled__2022-07-15T00:00:00+00:00 | dag_run=<DagRun example_bash_operator @ 2022-07-15 00:00:00+00:00: scheduled__2022-07-15T00:00:00+00:00, externally triggered: False>"']
[2022-07-16 22:17:16,289] {subprocess.py:85} INFO - Output:
[2022-07-16 22:17:16,304] {subprocess.py:92} INFO - run_id=scheduled__2022-07-15T00:00:00+00:00 | dag_run=<DagRun example_bash_operator @ 2022-07-15 00:00:00+00:00: scheduled__2022-07-15T00:00:00+00:00, externally triggered: False>
[2022-07-16 22:17:16,309] {subprocess.py:96} INFO - Command exited with return code 0
[2022-07-16 22:17:16,433] {taskinstance.py:1400} INFO - Marking task as SUCCESS. dag_id=example_bash_operator, task_id=also_run_this, execution_date=20220715T000000, start_date=20220716T221714, end_date=20220716T221716
[2022-07-16 22:17:16,574] {local_task_job.py:156} INFO - Task exited with return code 0
[2022-07-16 22:17:16,716] {local_task_job.py:273} INFO - 0 downstream tasks scheduled from follow-on schedule check
